{"name": "Validating search  with new text", "status": "broken", "statusDetails": {"message": "selenium.common.exceptions.NoSuchWindowException: Message: no such window: target window already closed\nfrom unknown error: web view not found\n  (Session info: chrome=112.0.5615.50)\nStacktrace:\nBacktrace:\n\tGetHandleVerifier [0x0107DCE3+50899]\n\t(No symbol) [0x0100E111]\n\t(No symbol) [0x00F15588]\n\t(No symbol) [0x00EFD333]\n\t(No symbol) [0x00F5F4DB]\n\t(No symbol) [0x00F6DB33]\n\t(No symbol) [0x00F5B6F6]\n\t(No symbol) [0x00F37708]\n\t(No symbol) [0x00F3886D]\n\tGetHandleVerifier [0x012E3EAE+2566302]\n\tGetHandleVerifier [0x013192B1+2784417]\n\tGetHandleVerifier [0x0131327C+2759788]\n\tGetHandleVerifier [0x01115740+672048]\n\t(No symbol) [0x01018872]\n\t(No symbol) [0x010141C8]\n\t(No symbol) [0x010142AB]\n\t(No symbol) [0x010071B7]\n\tBaseThreadInitThunk [0x76177D69+25]\n\tRtlInitializeExceptionChain [0x777DBB9B+107]\n\tRtlClearBits [0x777DBB1F+191]\n\n", "trace": "  File \"C:\\Users\\ADMIN\\PycharmProjects\\BehaveBBD\\venv\\lib\\site-packages\\behave\\model.py\", line 1329, in run\n    match.run(runner.context)\n  File \"C:\\Users\\ADMIN\\PycharmProjects\\BehaveBBD\\venv\\lib\\site-packages\\behave\\matchers.py\", line 98, in run\n    self.func(context, *args, **kwargs)\n  File \"Features\\steps\\search_steps.py\", line 16, in step_impl\n    context.driver.get(\"https://www.google.com/\")\n  File \"C:\\Users\\ADMIN\\PycharmProjects\\BehaveBBD\\venv\\lib\\site-packages\\selenium\\webdriver\\remote\\webdriver.py\", line 449, in get\n    self.execute(Command.GET, {\"url\": url})\n  File \"C:\\Users\\ADMIN\\PycharmProjects\\BehaveBBD\\venv\\lib\\site-packages\\selenium\\webdriver\\remote\\webdriver.py\", line 440, in execute\n    self.error_handler.check_response(response)\n  File \"C:\\Users\\ADMIN\\PycharmProjects\\BehaveBBD\\venv\\lib\\site-packages\\selenium\\webdriver\\remote\\errorhandler.py\", line 245, in check_response\n    raise exception_class(message, screen, stacktrace)\n"}, "steps": [{"name": "Given I have navigate to google.com", "status": "broken", "statusDetails": {"message": "selenium.common.exceptions.NoSuchWindowException: Message: no such window: target window already closed\nfrom unknown error: web view not found\n  (Session info: chrome=112.0.5615.50)\nStacktrace:\nBacktrace:\n\tGetHandleVerifier [0x0107DCE3+50899]\n\t(No symbol) [0x0100E111]\n\t(No symbol) [0x00F15588]\n\t(No symbol) [0x00EFD333]\n\t(No symbol) [0x00F5F4DB]\n\t(No symbol) [0x00F6DB33]\n\t(No symbol) [0x00F5B6F6]\n\t(No symbol) [0x00F37708]\n\t(No symbol) [0x00F3886D]\n\tGetHandleVerifier [0x012E3EAE+2566302]\n\tGetHandleVerifier [0x013192B1+2784417]\n\tGetHandleVerifier [0x0131327C+2759788]\n\tGetHandleVerifier [0x01115740+672048]\n\t(No symbol) [0x01018872]\n\t(No symbol) [0x010141C8]\n\t(No symbol) [0x010142AB]\n\t(No symbol) [0x010071B7]\n\tBaseThreadInitThunk [0x76177D69+25]\n\tRtlInitializeExceptionChain [0x777DBB9B+107]\n\tRtlClearBits [0x777DBB1F+191]\n\n", "trace": "  File \"C:\\Users\\ADMIN\\PycharmProjects\\BehaveBBD\\venv\\lib\\site-packages\\behave\\model.py\", line 1329, in run\n    match.run(runner.context)\n  File \"C:\\Users\\ADMIN\\PycharmProjects\\BehaveBBD\\venv\\lib\\site-packages\\behave\\matchers.py\", line 98, in run\n    self.func(context, *args, **kwargs)\n  File \"Features\\steps\\search_steps.py\", line 16, in step_impl\n    context.driver.get(\"https://www.google.com/\")\n  File \"C:\\Users\\ADMIN\\PycharmProjects\\BehaveBBD\\venv\\lib\\site-packages\\selenium\\webdriver\\remote\\webdriver.py\", line 449, in get\n    self.execute(Command.GET, {\"url\": url})\n  File \"C:\\Users\\ADMIN\\PycharmProjects\\BehaveBBD\\venv\\lib\\site-packages\\selenium\\webdriver\\remote\\webdriver.py\", line 440, in execute\n    self.error_handler.check_response(response)\n  File \"C:\\Users\\ADMIN\\PycharmProjects\\BehaveBBD\\venv\\lib\\site-packages\\selenium\\webdriver\\remote\\errorhandler.py\", line 245, in check_response\n    raise exception_class(message, screen, stacktrace)\n"}, "start": 1681456651718, "stop": 1681456655799}, {"name": "When I validate the page title", "status": "skipped", "start": 1681456657961, "stop": 1681456657961}, {"name": "Then I enter text \"hello behave\"", "status": "skipped", "start": 1681456657961, "stop": 1681456657961}, {"name": "And I click the search button", "status": "skipped", "start": 1681456657961, "stop": 1681456657961}], "start": 1681456649991, "stop": 1681456657961, "uuid": "33f5df53-e685-475f-aac3-db45e174acad", "historyId": "6656b9c00ce9d21b756b87f2517999b8", "fullName": "Search feature: Validating search  with new text", "labels": [{"name": "severity", "value": "normal"}, {"name": "tag", "value": "sanity"}, {"name": "feature", "value": "Search feature"}, {"name": "framework", "value": "behave"}, {"name": "language", "value": "cpython3"}]}