{"uid":"e6f30cc9f2ac7f1e","name":"Validating search feature","fullName":"Search feature: Validating search feature","historyId":"c34f5d963b2205966989dd154909f4eb","time":{"start":1681456642190,"stop":1681456649981,"duration":7791},"status":"broken","statusMessage":"selenium.common.exceptions.NoSuchWindowException: Message: no such window: target window already closed\nfrom unknown error: web view not found\n  (Session info: chrome=112.0.5615.50)\nStacktrace:\nBacktrace:\n\tGetHandleVerifier [0x0107DCE3+50899]\n\t(No symbol) [0x0100E111]\n\t(No symbol) [0x00F15588]\n\t(No symbol) [0x00EFD333]\n\t(No symbol) [0x00F5F4DB]\n\t(No symbol) [0x00F6DB33]\n\t(No symbol) [0x00F5B6F6]\n\t(No symbol) [0x00F37708]\n\t(No symbol) [0x00F3886D]\n\tGetHandleVerifier [0x012E3EAE+2566302]\n\tGetHandleVerifier [0x013192B1+2784417]\n\tGetHandleVerifier [0x0131327C+2759788]\n\tGetHandleVerifier [0x01115740+672048]\n\t(No symbol) [0x01018872]\n\t(No symbol) [0x010141C8]\n\t(No symbol) [0x010142AB]\n\t(No symbol) [0x010071B7]\n\tBaseThreadInitThunk [0x76177D69+25]\n\tRtlInitializeExceptionChain [0x777DBB9B+107]\n\tRtlClearBits [0x777DBB1F+191]\n\n","statusTrace":"  File \"C:\\Users\\ADMIN\\PycharmProjects\\BehaveBBD\\venv\\lib\\site-packages\\behave\\model.py\", line 1329, in run\n    match.run(runner.context)\n  File \"C:\\Users\\ADMIN\\PycharmProjects\\BehaveBBD\\venv\\lib\\site-packages\\behave\\matchers.py\", line 98, in run\n    self.func(context, *args, **kwargs)\n  File \"Features\\steps\\search_steps.py\", line 16, in step_impl\n    context.driver.get(\"https://www.google.com/\")\n  File \"C:\\Users\\ADMIN\\PycharmProjects\\BehaveBBD\\venv\\lib\\site-packages\\selenium\\webdriver\\remote\\webdriver.py\", line 449, in get\n    self.execute(Command.GET, {\"url\": url})\n  File \"C:\\Users\\ADMIN\\PycharmProjects\\BehaveBBD\\venv\\lib\\site-packages\\selenium\\webdriver\\remote\\webdriver.py\", line 440, in execute\n    self.error_handler.check_response(response)\n  File \"C:\\Users\\ADMIN\\PycharmProjects\\BehaveBBD\\venv\\lib\\site-packages\\selenium\\webdriver\\remote\\errorhandler.py\", line 245, in check_response\n    raise exception_class(message, screen, stacktrace)\n","flaky":false,"newFailed":false,"newBroken":false,"newPassed":false,"retriesCount":0,"retriesStatusChange":false,"beforeStages":[],"testStage":{"status":"broken","statusMessage":"selenium.common.exceptions.NoSuchWindowException: Message: no such window: target window already closed\nfrom unknown error: web view not found\n  (Session info: chrome=112.0.5615.50)\nStacktrace:\nBacktrace:\n\tGetHandleVerifier [0x0107DCE3+50899]\n\t(No symbol) [0x0100E111]\n\t(No symbol) [0x00F15588]\n\t(No symbol) [0x00EFD333]\n\t(No symbol) [0x00F5F4DB]\n\t(No symbol) [0x00F6DB33]\n\t(No symbol) [0x00F5B6F6]\n\t(No symbol) [0x00F37708]\n\t(No symbol) [0x00F3886D]\n\tGetHandleVerifier [0x012E3EAE+2566302]\n\tGetHandleVerifier [0x013192B1+2784417]\n\tGetHandleVerifier [0x0131327C+2759788]\n\tGetHandleVerifier [0x01115740+672048]\n\t(No symbol) [0x01018872]\n\t(No symbol) [0x010141C8]\n\t(No symbol) [0x010142AB]\n\t(No symbol) [0x010071B7]\n\tBaseThreadInitThunk [0x76177D69+25]\n\tRtlInitializeExceptionChain [0x777DBB9B+107]\n\tRtlClearBits [0x777DBB1F+191]\n\n","statusTrace":"  File \"C:\\Users\\ADMIN\\PycharmProjects\\BehaveBBD\\venv\\lib\\site-packages\\behave\\model.py\", line 1329, in run\n    match.run(runner.context)\n  File \"C:\\Users\\ADMIN\\PycharmProjects\\BehaveBBD\\venv\\lib\\site-packages\\behave\\matchers.py\", line 98, in run\n    self.func(context, *args, **kwargs)\n  File \"Features\\steps\\search_steps.py\", line 16, in step_impl\n    context.driver.get(\"https://www.google.com/\")\n  File \"C:\\Users\\ADMIN\\PycharmProjects\\BehaveBBD\\venv\\lib\\site-packages\\selenium\\webdriver\\remote\\webdriver.py\", line 449, in get\n    self.execute(Command.GET, {\"url\": url})\n  File \"C:\\Users\\ADMIN\\PycharmProjects\\BehaveBBD\\venv\\lib\\site-packages\\selenium\\webdriver\\remote\\webdriver.py\", line 440, in execute\n    self.error_handler.check_response(response)\n  File \"C:\\Users\\ADMIN\\PycharmProjects\\BehaveBBD\\venv\\lib\\site-packages\\selenium\\webdriver\\remote\\errorhandler.py\", line 245, in check_response\n    raise exception_class(message, screen, stacktrace)\n","steps":[{"name":"Given I have navigate to google.com","time":{"start":1681456643935,"stop":1681456647904,"duration":3969},"status":"broken","statusMessage":"selenium.common.exceptions.NoSuchWindowException: Message: no such window: target window already closed\nfrom unknown error: web view not found\n  (Session info: chrome=112.0.5615.50)\nStacktrace:\nBacktrace:\n\tGetHandleVerifier [0x0107DCE3+50899]\n\t(No symbol) [0x0100E111]\n\t(No symbol) [0x00F15588]\n\t(No symbol) [0x00EFD333]\n\t(No symbol) [0x00F5F4DB]\n\t(No symbol) [0x00F6DB33]\n\t(No symbol) [0x00F5B6F6]\n\t(No symbol) [0x00F37708]\n\t(No symbol) [0x00F3886D]\n\tGetHandleVerifier [0x012E3EAE+2566302]\n\tGetHandleVerifier [0x013192B1+2784417]\n\tGetHandleVerifier [0x0131327C+2759788]\n\tGetHandleVerifier [0x01115740+672048]\n\t(No symbol) [0x01018872]\n\t(No symbol) [0x010141C8]\n\t(No symbol) [0x010142AB]\n\t(No symbol) [0x010071B7]\n\tBaseThreadInitThunk [0x76177D69+25]\n\tRtlInitializeExceptionChain [0x777DBB9B+107]\n\tRtlClearBits [0x777DBB1F+191]\n\n","statusTrace":"  File \"C:\\Users\\ADMIN\\PycharmProjects\\BehaveBBD\\venv\\lib\\site-packages\\behave\\model.py\", line 1329, in run\n    match.run(runner.context)\n  File \"C:\\Users\\ADMIN\\PycharmProjects\\BehaveBBD\\venv\\lib\\site-packages\\behave\\matchers.py\", line 98, in run\n    self.func(context, *args, **kwargs)\n  File \"Features\\steps\\search_steps.py\", line 16, in step_impl\n    context.driver.get(\"https://www.google.com/\")\n  File \"C:\\Users\\ADMIN\\PycharmProjects\\BehaveBBD\\venv\\lib\\site-packages\\selenium\\webdriver\\remote\\webdriver.py\", line 449, in get\n    self.execute(Command.GET, {\"url\": url})\n  File \"C:\\Users\\ADMIN\\PycharmProjects\\BehaveBBD\\venv\\lib\\site-packages\\selenium\\webdriver\\remote\\webdriver.py\", line 440, in execute\n    self.error_handler.check_response(response)\n  File \"C:\\Users\\ADMIN\\PycharmProjects\\BehaveBBD\\venv\\lib\\site-packages\\selenium\\webdriver\\remote\\errorhandler.py\", line 245, in check_response\n    raise exception_class(message, screen, stacktrace)\n","steps":[],"attachments":[],"parameters":[],"attachmentsCount":0,"shouldDisplayMessage":true,"hasContent":true,"stepsCount":0},{"name":"When I validate the page title","time":{"start":1681456649981,"stop":1681456649981,"duration":0},"status":"skipped","steps":[],"attachments":[],"parameters":[],"attachmentsCount":0,"shouldDisplayMessage":false,"hasContent":false,"stepsCount":0},{"name":"Then I enter text \"hello selenium\"","time":{"start":1681456649981,"stop":1681456649981,"duration":0},"status":"skipped","steps":[],"attachments":[],"parameters":[],"attachmentsCount":0,"shouldDisplayMessage":false,"hasContent":false,"stepsCount":0},{"name":"And I click the search button","time":{"start":1681456649981,"stop":1681456649981,"duration":0},"status":"skipped","steps":[],"attachments":[],"parameters":[],"attachmentsCount":0,"shouldDisplayMessage":false,"hasContent":false,"stepsCount":0}],"attachments":[],"parameters":[],"attachmentsCount":0,"shouldDisplayMessage":false,"hasContent":true,"stepsCount":4},"afterStages":[],"labels":[{"name":"severity","value":"normal"},{"name":"tag","value":"sanity"},{"name":"feature","value":"Search feature"},{"name":"framework","value":"behave"},{"name":"language","value":"cpython3"},{"name":"resultFormat","value":"allure2"}],"parameters":[],"links":[],"hidden":false,"retry":false,"extra":{"severity":"normal","retries":[],"categories":[{"name":"Test defects","matchedStatuses":[],"flaky":false}],"history":{"statistic":{"failed":0,"broken":2,"skipped":0,"passed":0,"unknown":0,"total":2},"items":[{"uid":"53b1daf3494c0fbd","reportUrl":"http://localhost:8080/job/BehaveBDD/2/allure/#testresult/53b1daf3494c0fbd","status":"broken","statusDetails":"selenium.common.exceptions.NoSuchWindowException: Message: no such window: target window already closed\nfrom unknown error: web view not found\n  (Session info: chrome=112.0.5615.50)\nStacktrace:\nBacktrace:\n\tGetHandleVerifier [0x0107DCE3+50899]\n\t(No symbol) [0x0100E111]\n\t(No symbol) [0x00F15588]\n\t(No symbol) [0x00EFD333]\n\t(No symbol) [0x00F5F4DB]\n\t(No symbol) [0x00F6DB33]\n\t(No symbol) [0x00F5B6F6]\n\t(No symbol) [0x00F37708]\n\t(No symbol) [0x00F3886D]\n\tGetHandleVerifier [0x012E3EAE+2566302]\n\tGetHandleVerifier [0x013192B1+2784417]\n\tGetHandleVerifier [0x0131327C+2759788]\n\tGetHandleVerifier [0x01115740+672048]\n\t(No symbol) [0x01018872]\n\t(No symbol) [0x010141C8]\n\t(No symbol) [0x010142AB]\n\t(No symbol) [0x010071B7]\n\tBaseThreadInitThunk [0x76177D69+25]\n\tRtlInitializeExceptionChain [0x777DBB9B+107]\n\tRtlClearBits [0x777DBB1F+191]\n\n","time":{"start":1681456642190,"stop":1681456649981,"duration":7791}}]},"tags":["sanity"]},"source":"e6f30cc9f2ac7f1e.json","parameterValues":[]}